🚀 Старт двигуна Digest Engine...
📡 Зв'язок з Yahoo Finance встановлено. Починаємо завантаження...
⏳ Завантажую котирування: BTC...
⏳ Завантажую котирування: ETH...
⏳ Завантажую котирування: S&P 500...
⏳ Завантажую котирування: DXY...
⏳ Завантажую котирування: Treasuries 10Y...
⏳ Завантажую котирування: Gold...
⏳ Завантажую котирування: Oil...
⏳ Завантажую котирування: NVIDIA...
⏳ Завантажую котирування: AMD...
✅ Усі 9 блоків успішно завантажено!


========================================

📊 **ДАЙДЖЕСТ ШТАБУ | 16:10 (Київ)**
______________________________

**🌐 КРИПТОРИНОК:**
• **BTC**: $64,077.29 | Доба: 🔴 -0.25% | Місяць: 🔴 -4.87%
• **ETH**: $1,724.21 | Доба: 🔴 -0.87% | Місяць: 🔴 -5.35%

**🇺🇸 МАКРО ТА ІНДЕКСИ:**
• **S&P 500**: 7,500.58 | Доба: 🟢 +1.08% | Місяць: 🟢 +0.54%
• **DXY**: 100.85 | Доба: 🟢 +0.76% | Місяць: 🟢 +1.59%
• **Treasuries 10Y**: 4.45% | Доба: 🔴 -0.27% | Місяць: 🔴 -0.99%

**✨ РЕСУРСИ:**
• **Gold**: 4,172.90 | Доба: 🔴 -1.21% | Місяць: 🔴 -6.12%
• **Oil**: $76.54 | Доба: 🔴 -0.08% | Місяць: 🔴 -16.93%

**💻 ТЕХНО-ГІГАНТИ (ЗАЛІЗО):**
• **NVIDIA**: $210.69 | Доба: 🟢 +2.95% | Місяць: 🔴 -2.02%
• **AMD**: $537.37 | Доба: 🟢 +4.86% | Місяць: 🟢 +11.88%

______________________________
🧠 *Штаб: Формуємо аналітичний фокус перед стартом основних торгів. Дані оновлено автоматично.*
